<?xml version="1.0" encoding="utf-8"?><testsuites name="pytest tests"><testsuite name="pytest" errors="0" failures="0" skipped="0" tests="11" time="1.576" timestamp="2026-06-09T07:08:44.912484+00:00" hostname="agent-env-0a602731-c83b-4da1-80a3-3c776f287d99"><testcase classname="backend.tests.test_tuoma_api" name="test_get_business" time="0.317" /><testcase classname="backend.tests.test_tuoma_api" name="test_get_business_404" time="0.054" /><testcase classname="backend.tests.test_tuoma_api" name="test_get_metrics" time="0.062" /><testcase classname="backend.tests.test_tuoma_api" name="test_list_reviews" time="0.056" /><testcase classname="backend.tests.test_tuoma_api" name="test_reviews_filter_negative" time="0.059" /><testcase classname="backend.tests.test_tuoma_api" name="test_reviews_filter_unreplied" time="0.055" /><testcase classname="backend.tests.test_tuoma_api" name="test_patch_review" time="0.117" /><testcase classname="backend.tests.test_tuoma_api" name="test_list_truth" time="0.059" /><testcase classname="backend.tests.test_tuoma_api" name="test_truth_crud" time="0.288" /><testcase classname="backend.tests.test_tuoma_api" name="test_list_customers" time="0.056" /><testcase classname="backend.tests.test_tuoma_api" name="test_ai_visibility" time="0.085" /></testsuite></testsuites>