<?xml version="1.0" encoding="utf-8"?><testsuites name="pytest tests"><testsuite name="pytest" errors="0" failures="0" skipped="0" tests="6" time="1.817" timestamp="2026-06-10T06:37:08.903133+00:00" hostname="agent-env-0a602731-c83b-4da1-80a3-3c776f287d99"><testcase classname="backend.tests.test_waitlist.TestWaitlistCount" name="test_count_returns_real_and_offset" time="0.305" /><testcase classname="backend.tests.test_waitlist.TestWaitlistPost" name="test_post_minimal_fields" time="0.198" /><testcase classname="backend.tests.test_waitlist.TestWaitlistPost" name="test_post_full_fields" time="0.175" /><testcase classname="backend.tests.test_waitlist.TestWaitlistPost" name="test_post_increments_count" time="0.274" /><testcase classname="backend.tests.test_waitlist.TestWaitlistPost" name="test_post_invalid_role_rejected" time="0.184" /><testcase classname="backend.tests.test_waitlist.TestWaitlistPost" name="test_post_missing_required_rejected" time="0.177" /></testsuite></testsuites>